<?xml version="1.0" encoding="UTF-8"?>
<!-- Generated by org.testng.reporters.JUnitXMLReporter -->
<testsuite ignored="0" hostname="Gozde-MacBook-Pro.local" failures="1" tests="3" name="Test" time="64.225" errors="0" timestamp="2021-12-12T13:51:09 CET">
  <testcase classname="TestRedirection" name="LinksInThePage" time="41.406"/>
  <testcase classname="TestRedirection" name="redirectionWithDefaultColor" time="13.037"/>
  <testcase classname="TestRedirection" name="redirectionWithoutDefaultColor" time="9.703">
    <failure type="java.lang.AssertionError" message="expected [https://www.vanmoof.com/en-NL/s3] but found [https://www.vanmoof.com/en-NL/s3?color=dark]">
      <![CDATA[java.lang.AssertionError: expected [https://www.vanmoof.com/en-NL/s3] but found [https://www.vanmoof.com/en-NL/s3?color=dark]
at TestRedirection.redirectionWithoutDefaultColor(TestRedirection.java:63)
at java.base/java.util.ArrayList.forEach(ArrayList.java:1511)
... Removed 33 stack frames]]>
    </failure>
  </testcase> <!-- redirectionWithoutDefaultColor -->
</testsuite> <!-- Test -->
