<?xml version="1.0" encoding="UTF-8"?>
<testng-results ignored="0" total="9" passed="6" failed="3" skipped="0">
  <reporter-output>
  </reporter-output>
  <suite started-at="2021-12-13T08:06:13 CET" name="Suite" finished-at="2021-12-13T08:07:18 CET" duration-ms="64877">
    <groups>
    </groups>
    <test started-at="2021-12-13T08:06:13 CET" name="FirefoxTestCases" finished-at="2021-12-13T08:07:12 CET" duration-ms="58642">
      <class name="TestRedirection">
        <test-method is-config="true" signature="setup(java.lang.String)[pri:0, instance:TestRedirection@2f217633]" started-at="2021-12-13T08:06:13 CET" name="setup" finished-at="2021-12-13T08:06:30 CET" duration-ms="17190" status="PASS">
          <params>
            <param index="0">
              <value>
                <![CDATA[firefox]]>
              </value>
            </param>
          </params>
          <reporter-output>
          </reporter-output>
        </test-method> <!-- setup -->
        <test-method signature="linksInThePage()[pri:0, instance:TestRedirection@2f217633]" started-at="2021-12-13T08:06:30 CET" name="linksInThePage" finished-at="2021-12-13T08:06:57 CET" duration-ms="26313" status="PASS">
          <reporter-output>
          </reporter-output>
        </test-method> <!-- linksInThePage -->
        <test-method signature="redirectionWithDefaultColor()[pri:0, instance:TestRedirection@2f217633]" started-at="2021-12-13T08:06:57 CET" name="redirectionWithDefaultColor" finished-at="2021-12-13T08:07:04 CET" duration-ms="6911" status="PASS">
          <reporter-output>
          </reporter-output>
        </test-method> <!-- redirectionWithDefaultColor -->
        <test-method signature="redirectionWithoutDefaultColor()[pri:0, instance:TestRedirection@2f217633]" started-at="2021-12-13T08:07:04 CET" name="redirectionWithoutDefaultColor" finished-at="2021-12-13T08:07:09 CET" duration-ms="5359" status="FAIL">
          <exception class="java.lang.AssertionError">
            <message>
              <![CDATA[expected [https://www.vanmoof.com/en-NL/s3] but found [https://www.vanmoof.com/en-NL/s3?color=dark]]]>
            </message>
            <full-stacktrace>
              <![CDATA[java.lang.AssertionError: expected [https://www.vanmoof.com/en-NL/s3] but found [https://www.vanmoof.com/en-NL/s3?color=dark]
at org.testng.Assert.fail(Assert.java:99)
at org.testng.Assert.failNotEquals(Assert.java:1037)
at org.testng.Assert.assertEqualsImpl(Assert.java:140)
at org.testng.Assert.assertEquals(Assert.java:122)
at org.testng.Assert.assertEquals(Assert.java:629)
at org.testng.Assert.assertEquals(Assert.java:639)
at TestRedirection.redirectionWithoutDefaultColor(TestRedirection.java:68)
at java.base/jdk.internal.reflect.NativeMethodAccessorImpl.invoke0(Native Method)
at java.base/jdk.internal.reflect.NativeMethodAccessorImpl.invoke(NativeMethodAccessorImpl.java:77)
at java.base/jdk.internal.reflect.DelegatingMethodAccessorImpl.invoke(DelegatingMethodAccessorImpl.java:43)
at java.base/java.lang.reflect.Method.invoke(Method.java:568)
at org.testng.internal.MethodInvocationHelper.invokeMethod(MethodInvocationHelper.java:133)
at org.testng.internal.TestInvoker.invokeMethod(TestInvoker.java:598)
at org.testng.internal.TestInvoker.invokeTestMethod(TestInvoker.java:173)
at org.testng.internal.MethodRunner.runInSequence(MethodRunner.java:46)
at org.testng.internal.TestInvoker$MethodInvocationAgent.invoke(TestInvoker.java:824)
at org.testng.internal.TestInvoker.invokeTestMethods(TestInvoker.java:146)
at org.testng.internal.TestMethodWorker.invokeTestMethods(TestMethodWorker.java:146)
at org.testng.internal.TestMethodWorker.run(TestMethodWorker.java:128)
at java.base/java.util.ArrayList.forEach(ArrayList.java:1511)
at org.testng.TestRunner.privateRun(TestRunner.java:794)
at org.testng.TestRunner.run(TestRunner.java:596)
at org.testng.SuiteRunner.runTest(SuiteRunner.java:377)
at org.testng.SuiteRunner.access$000(SuiteRunner.java:28)
at org.testng.SuiteRunner$SuiteWorker.run(SuiteRunner.java:418)
at org.testng.internal.thread.ThreadUtil.lambda$execute$0(ThreadUtil.java:64)
at java.base/java.util.concurrent.FutureTask.run(FutureTask.java:264)
at java.base/java.util.concurrent.ThreadPoolExecutor.runWorker(ThreadPoolExecutor.java:1136)
at java.base/java.util.concurrent.ThreadPoolExecutor$Worker.run(ThreadPoolExecutor.java:635)
at java.base/java.lang.Thread.run(Thread.java:833)
]]>
            </full-stacktrace>
          </exception> <!-- java.lang.AssertionError -->
          <reporter-output>
          </reporter-output>
        </test-method> <!-- redirectionWithoutDefaultColor -->
        <test-method is-config="true" signature="quitDriver()[pri:0, instance:TestRedirection@2f217633]" started-at="2021-12-13T08:07:09 CET" name="quitDriver" finished-at="2021-12-13T08:07:12 CET" duration-ms="2825" status="PASS">
          <reporter-output>
          </reporter-output>
        </test-method> <!-- quitDriver -->
      </class> <!-- TestRedirection -->
    </test> <!-- FirefoxTestCases -->
    <test started-at="2021-12-13T08:06:13 CET" name="SafariTestCases" finished-at="2021-12-13T08:07:13 CET" duration-ms="59736">
      <class name="TestRedirection">
        <test-method is-config="true" signature="setup(java.lang.String)[pri:0, instance:TestRedirection@201a4587]" started-at="2021-12-13T08:06:13 CET" name="setup" finished-at="2021-12-13T08:06:24 CET" duration-ms="10741" status="PASS">
          <params>
            <param index="0">
              <value>
                <![CDATA[safari]]>
              </value>
            </param>
          </params>
          <reporter-output>
          </reporter-output>
        </test-method> <!-- setup -->
        <test-method signature="linksInThePage()[pri:0, instance:TestRedirection@201a4587]" started-at="2021-12-13T08:06:24 CET" name="linksInThePage" finished-at="2021-12-13T08:06:57 CET" duration-ms="33076" status="PASS">
          <reporter-output>
          </reporter-output>
        </test-method> <!-- linksInThePage -->
        <test-method signature="redirectionWithDefaultColor()[pri:0, instance:TestRedirection@201a4587]" started-at="2021-12-13T08:06:57 CET" name="redirectionWithDefaultColor" finished-at="2021-12-13T08:07:05 CET" duration-ms="8037" status="PASS">
          <reporter-output>
          </reporter-output>
        </test-method> <!-- redirectionWithDefaultColor -->
        <test-method signature="redirectionWithoutDefaultColor()[pri:0, instance:TestRedirection@201a4587]" started-at="2021-12-13T08:07:05 CET" name="redirectionWithoutDefaultColor" finished-at="2021-12-13T08:07:13 CET" duration-ms="7577" status="FAIL">
          <exception class="java.lang.AssertionError">
            <message>
              <![CDATA[expected [https://www.vanmoof.com/en-NL/s3] but found [https://www.vanmoof.com/en-NL/s3?color=dark]]]>
            </message>
            <full-stacktrace>
              <![CDATA[java.lang.AssertionError: expected [https://www.vanmoof.com/en-NL/s3] but found [https://www.vanmoof.com/en-NL/s3?color=dark]
at org.testng.Assert.fail(Assert.java:99)
at org.testng.Assert.failNotEquals(Assert.java:1037)
at org.testng.Assert.assertEqualsImpl(Assert.java:140)
at org.testng.Assert.assertEquals(Assert.java:122)
at org.testng.Assert.assertEquals(Assert.java:629)
at org.testng.Assert.assertEquals(Assert.java:639)
at TestRedirection.redirectionWithoutDefaultColor(TestRedirection.java:68)
at java.base/jdk.internal.reflect.NativeMethodAccessorImpl.invoke0(Native Method)
at java.base/jdk.internal.reflect.NativeMethodAccessorImpl.invoke(NativeMethodAccessorImpl.java:77)
at java.base/jdk.internal.reflect.DelegatingMethodAccessorImpl.invoke(DelegatingMethodAccessorImpl.java:43)
at java.base/java.lang.reflect.Method.invoke(Method.java:568)
at org.testng.internal.MethodInvocationHelper.invokeMethod(MethodInvocationHelper.java:133)
at org.testng.internal.TestInvoker.invokeMethod(TestInvoker.java:598)
at org.testng.internal.TestInvoker.invokeTestMethod(TestInvoker.java:173)
at org.testng.internal.MethodRunner.runInSequence(MethodRunner.java:46)
at org.testng.internal.TestInvoker$MethodInvocationAgent.invoke(TestInvoker.java:824)
at org.testng.internal.TestInvoker.invokeTestMethods(TestInvoker.java:146)
at org.testng.internal.TestMethodWorker.invokeTestMethods(TestMethodWorker.java:146)
at org.testng.internal.TestMethodWorker.run(TestMethodWorker.java:128)
at java.base/java.util.ArrayList.forEach(ArrayList.java:1511)
at org.testng.TestRunner.privateRun(TestRunner.java:794)
at org.testng.TestRunner.run(TestRunner.java:596)
at org.testng.SuiteRunner.runTest(SuiteRunner.java:377)
at org.testng.SuiteRunner.access$000(SuiteRunner.java:28)
at org.testng.SuiteRunner$SuiteWorker.run(SuiteRunner.java:418)
at org.testng.internal.thread.ThreadUtil.lambda$execute$0(ThreadUtil.java:64)
at java.base/java.util.concurrent.FutureTask.run(FutureTask.java:264)
at java.base/java.util.concurrent.ThreadPoolExecutor.runWorker(ThreadPoolExecutor.java:1136)
at java.base/java.util.concurrent.ThreadPoolExecutor$Worker.run(ThreadPoolExecutor.java:635)
at java.base/java.lang.Thread.run(Thread.java:833)
]]>
            </full-stacktrace>
          </exception> <!-- java.lang.AssertionError -->
          <reporter-output>
          </reporter-output>
        </test-method> <!-- redirectionWithoutDefaultColor -->
        <test-method is-config="true" signature="quitDriver()[pri:0, instance:TestRedirection@201a4587]" started-at="2021-12-13T08:07:13 CET" name="quitDriver" finished-at="2021-12-13T08:07:13 CET" duration-ms="293" status="PASS">
          <reporter-output>
          </reporter-output>
        </test-method> <!-- quitDriver -->
      </class> <!-- TestRedirection -->
    </test> <!-- SafariTestCases -->
    <test started-at="2021-12-13T08:06:13 CET" name="ChromeTestCases" finished-at="2021-12-13T08:07:18 CET" duration-ms="64877">
      <class name="TestRedirection">
        <test-method is-config="true" signature="setup(java.lang.String)[pri:0, instance:TestRedirection@49049a04]" started-at="2021-12-13T08:06:13 CET" name="setup" finished-at="2021-12-13T08:06:23 CET" duration-ms="9857" status="PASS">
          <params>
            <param index="0">
              <value>
                <![CDATA[chrome]]>
              </value>
            </param>
          </params>
          <reporter-output>
          </reporter-output>
        </test-method> <!-- setup -->
        <test-method signature="linksInThePage()[pri:0, instance:TestRedirection@49049a04]" started-at="2021-12-13T08:06:23 CET" name="linksInThePage" finished-at="2021-12-13T08:06:57 CET" duration-ms="34143" status="PASS">
          <reporter-output>
          </reporter-output>
        </test-method> <!-- linksInThePage -->
        <test-method signature="redirectionWithDefaultColor()[pri:0, instance:TestRedirection@49049a04]" started-at="2021-12-13T08:06:57 CET" name="redirectionWithDefaultColor" finished-at="2021-12-13T08:07:11 CET" duration-ms="13619" status="PASS">
          <reporter-output>
          </reporter-output>
        </test-method> <!-- redirectionWithDefaultColor -->
        <test-method signature="redirectionWithoutDefaultColor()[pri:0, instance:TestRedirection@49049a04]" started-at="2021-12-13T08:07:11 CET" name="redirectionWithoutDefaultColor" finished-at="2021-12-13T08:07:18 CET" duration-ms="6987" status="FAIL">
          <exception class="java.lang.AssertionError">
            <message>
              <![CDATA[expected [https://www.vanmoof.com/en-NL/s3] but found [https://www.vanmoof.com/en-NL/s3?color=dark]]]>
            </message>
            <full-stacktrace>
              <![CDATA[java.lang.AssertionError: expected [https://www.vanmoof.com/en-NL/s3] but found [https://www.vanmoof.com/en-NL/s3?color=dark]
at org.testng.Assert.fail(Assert.java:99)
at org.testng.Assert.failNotEquals(Assert.java:1037)
at org.testng.Assert.assertEqualsImpl(Assert.java:140)
at org.testng.Assert.assertEquals(Assert.java:122)
at org.testng.Assert.assertEquals(Assert.java:629)
at org.testng.Assert.assertEquals(Assert.java:639)
at TestRedirection.redirectionWithoutDefaultColor(TestRedirection.java:68)
at java.base/jdk.internal.reflect.NativeMethodAccessorImpl.invoke0(Native Method)
at java.base/jdk.internal.reflect.NativeMethodAccessorImpl.invoke(NativeMethodAccessorImpl.java:77)
at java.base/jdk.internal.reflect.DelegatingMethodAccessorImpl.invoke(DelegatingMethodAccessorImpl.java:43)
at java.base/java.lang.reflect.Method.invoke(Method.java:568)
at org.testng.internal.MethodInvocationHelper.invokeMethod(MethodInvocationHelper.java:133)
at org.testng.internal.TestInvoker.invokeMethod(TestInvoker.java:598)
at org.testng.internal.TestInvoker.invokeTestMethod(TestInvoker.java:173)
at org.testng.internal.MethodRunner.runInSequence(MethodRunner.java:46)
at org.testng.internal.TestInvoker$MethodInvocationAgent.invoke(TestInvoker.java:824)
at org.testng.internal.TestInvoker.invokeTestMethods(TestInvoker.java:146)
at org.testng.internal.TestMethodWorker.invokeTestMethods(TestMethodWorker.java:146)
at org.testng.internal.TestMethodWorker.run(TestMethodWorker.java:128)
at java.base/java.util.ArrayList.forEach(ArrayList.java:1511)
at org.testng.TestRunner.privateRun(TestRunner.java:794)
at org.testng.TestRunner.run(TestRunner.java:596)
at org.testng.SuiteRunner.runTest(SuiteRunner.java:377)
at org.testng.SuiteRunner.access$000(SuiteRunner.java:28)
at org.testng.SuiteRunner$SuiteWorker.run(SuiteRunner.java:418)
at org.testng.internal.thread.ThreadUtil.lambda$execute$0(ThreadUtil.java:64)
at java.base/java.util.concurrent.FutureTask.run(FutureTask.java:264)
at java.base/java.util.concurrent.ThreadPoolExecutor.runWorker(ThreadPoolExecutor.java:1136)
at java.base/java.util.concurrent.ThreadPoolExecutor$Worker.run(ThreadPoolExecutor.java:635)
at java.base/java.lang.Thread.run(Thread.java:833)
]]>
            </full-stacktrace>
          </exception> <!-- java.lang.AssertionError -->
          <reporter-output>
          </reporter-output>
        </test-method> <!-- redirectionWithoutDefaultColor -->
        <test-method is-config="true" signature="quitDriver()[pri:0, instance:TestRedirection@49049a04]" started-at="2021-12-13T08:07:18 CET" name="quitDriver" finished-at="2021-12-13T08:07:18 CET" duration-ms="178" status="PASS">
          <reporter-output>
          </reporter-output>
        </test-method> <!-- quitDriver -->
      </class> <!-- TestRedirection -->
    </test> <!-- ChromeTestCases -->
  </suite> <!-- Suite -->
</testng-results>
